Using pre-set license
Built from '2021.3/staging' branch; Version is '2021.3.18f1 (3129e69bc0c7) revision 3221990'; Using compiler version '192829333'; Build Type 'Release'
OS: 'Windows 11  (10.0.22621) 64bit Core' Language: 'en' Physical Memory: 16236 MB
BatchMode: 1, IsHumanControllingUs: 0, StartBugReporterOnCrash: 0, Is64bit: 1, IsPro: 1

COMMAND LINE ARGUMENTS:
C:\Program Files\Unity\Hub\Editor\2021.3.18f1\Editor\Unity.exe
-adb2
-batchMode
-noUpm
-name
AssetImportWorker0
-projectPath
C:/Users/Artiom/Documents/GitHub/Showoff/ShowoffProject
-logFile
Logs/AssetImportWorker0.log
-srvPort
55723
Successfully changed project path to: C:/Users/Artiom/Documents/GitHub/Showoff/ShowoffProject
C:/Users/Artiom/Documents/GitHub/Showoff/ShowoffProject
[UnityMemory] Configuration Parameters - Can be set up in boot.config
    "memorysetup-bucket-allocator-granularity=16"
    "memorysetup-bucket-allocator-bucket-count=8"
    "memorysetup-bucket-allocator-block-size=33554432"
    "memorysetup-bucket-allocator-block-count=8"
    "memorysetup-main-allocator-block-size=16777216"
    "memorysetup-thread-allocator-block-size=16777216"
    "memorysetup-gfx-main-allocator-block-size=16777216"
    "memorysetup-gfx-thread-allocator-block-size=16777216"
    "memorysetup-cache-allocator-block-size=4194304"
    "memorysetup-typetree-allocator-block-size=2097152"
    "memorysetup-profiler-bucket-allocator-granularity=16"
    "memorysetup-profiler-bucket-allocator-bucket-count=8"
    "memorysetup-profiler-bucket-allocator-block-size=33554432"
    "memorysetup-profiler-bucket-allocator-block-count=8"
    "memorysetup-profiler-allocator-block-size=16777216"
    "memorysetup-profiler-editor-allocator-block-size=1048576"
    "memorysetup-temp-allocator-size-main=16777216"
    "memorysetup-job-temp-allocator-block-size=2097152"
    "memorysetup-job-temp-allocator-block-size-background=1048576"
    "memorysetup-job-temp-allocator-reduction-small-platforms=262144"
    "memorysetup-temp-allocator-size-background-worker=32768"
    "memorysetup-temp-allocator-size-job-worker=262144"
    "memorysetup-temp-allocator-size-preload-manager=33554432"
    "memorysetup-temp-allocator-size-nav-mesh-worker=65536"
    "memorysetup-temp-allocator-size-audio-worker=65536"
    "memorysetup-temp-allocator-size-cloud-worker=32768"
    "memorysetup-temp-allocator-size-gi-baking-worker=262144"
    "memorysetup-temp-allocator-size-gfx=262144"
Player connection [30812] Host "[IP] 145.76.119.114 [Port] 0 [Flags] 2 [Guid] 2750561129 [EditorId] 2750561129 [Version] 1048832 [Id] WindowsEditor(7,DESKTOP-OLE75AR) [Debug] 1 [PackageName] WindowsEditor [ProjectName] Editor" joined multi-casting on [225.0.0.222:54997]...

Player connection [30812] Host "[IP] 145.76.119.114 [Port] 0 [Flags] 2 [Guid] 2750561129 [EditorId] 2750561129 [Version] 1048832 [Id] WindowsEditor(7,DESKTOP-OLE75AR) [Debug] 1 [PackageName] WindowsEditor [ProjectName] Editor" joined alternative multi-casting on [225.0.0.222:34997]...

Refreshing native plugins compatible for Editor in 296.58 ms, found 4 plugins.
Preloading 0 native plugins for Editor in 0.00 ms.
Initialize engine version: 2021.3.18f1 (3129e69bc0c7)
[Subsystems] Discovering subsystems at path C:/Program Files/Unity/Hub/Editor/2021.3.18f1/Editor/Data/Resources/UnitySubsystems
[Subsystems] Discovering subsystems at path C:/Users/Artiom/Documents/GitHub/Showoff/ShowoffProject/Assets
GfxDevice: creating device client; threaded=0; jobified=0
Direct3D:
    Version:  Direct3D 11.0 [level 11.1]
    Renderer: NVIDIA GeForce RTX 3060 Laptop GPU (ID=0x2560)
    Vendor:   NVIDIA
    VRAM:     6009 MB
    Driver:   31.0.15.3118
Initialize mono
Mono path[0] = 'C:/Program Files/Unity/Hub/Editor/2021.3.18f1/Editor/Data/Managed'
Mono path[1] = 'C:/Program Files/Unity/Hub/Editor/2021.3.18f1/Editor/Data/MonoBleedingEdge/lib/mono/unityjit-win32'
Mono config path = 'C:/Program Files/Unity/Hub/Editor/2021.3.18f1/Editor/Data/MonoBleedingEdge/etc'
Using monoOptions --debugger-agent=transport=dt_socket,embedding=1,server=y,suspend=n,address=127.0.0.1:56552
Begin MonoManager ReloadAssembly
Registering precompiled unity dll's ...
Register platform support module: C:/Program Files/Unity/Hub/Editor/2021.3.18f1/Editor/Data/PlaybackEngines/WindowsStandaloneSupport/UnityEditor.WindowsStandalone.Extensions.dll
Registered in 0.010092 seconds.
Native extension for WindowsStandalone target not found
Refreshing native plugins compatible for Editor in 295.13 ms, found 4 plugins.
Preloading 0 native plugins for Editor in 0.00 ms.
Mono: successfully reloaded assembly
- Completed reload, in  1.571 seconds
Domain Reload Profiling:
	ReloadAssembly (1572ms)
		BeginReloadAssembly (176ms)
			ExecutionOrderSort (0ms)
			DisableScriptedObjects (0ms)
			BackupInstance (0ms)
			ReleaseScriptingObjects (0ms)
			CreateAndSetChildDomain (1ms)
		EndReloadAssembly (1153ms)
			LoadAssemblies (172ms)
			RebuildTransferFunctionScriptingTraits (0ms)
			SetupTypeCache (210ms)
			ReleaseScriptCaches (0ms)
			RebuildScriptCaches (75ms)
			SetupLoadedEditorAssemblies (745ms)
				LogAssemblyErrors (0ms)
				InitializePlatformSupportModulesInManaged (19ms)
				SetLoadedEditorAssemblies (1ms)
				RefreshPlugins (295ms)
				BeforeProcessingInitializeOnLoad (3ms)
				ProcessInitializeOnLoadAttributes (325ms)
				ProcessInitializeOnLoadMethodAttributes (102ms)
				AfterProcessingInitializeOnLoad (0ms)
				EditorAssembliesLoaded (0ms)
			ExecutionOrderSort2 (0ms)
			AwakeInstancesAfterBackupRestoration (0ms)
Platform modules already initialized, skipping
Registering precompiled user dll's ...
Registered in 0.016620 seconds.
Begin MonoManager ReloadAssembly
Symbol file LoadedFromMemory doesn't match image C:\Users\Artiom\Documents\GitHub\Showoff\ShowoffProject\Library\PackageCache\com.unity.visualscripting@1.8.0\Editor\VisualScripting.Core\Dependencies\YamlDotNet\Unity.VisualScripting.YamlDotNet.dll
Symbol file LoadedFromMemory doesn't match image C:\Users\Artiom\Documents\GitHub\Showoff\ShowoffProject\Library\PackageCache\com.unity.visualscripting@1.8.0\Editor\VisualScripting.Core\Dependencies\DotNetZip\Unity.VisualScripting.IonicZip.dll
Native extension for WindowsStandalone target not found
Refreshing native plugins compatible for Editor in 298.82 ms, found 4 plugins.
Preloading 0 native plugins for Editor in 0.00 ms.
Mono: successfully reloaded assembly
- Completed reload, in  3.474 seconds
Domain Reload Profiling:
	ReloadAssembly (3478ms)
		BeginReloadAssembly (235ms)
			ExecutionOrderSort (0ms)
			DisableScriptedObjects (15ms)
			BackupInstance (0ms)
			ReleaseScriptingObjects (0ms)
			CreateAndSetChildDomain (42ms)
		EndReloadAssembly (2978ms)
			LoadAssemblies (197ms)
			RebuildTransferFunctionScriptingTraits (0ms)
			SetupTypeCache (593ms)
			ReleaseScriptCaches (1ms)
			RebuildScriptCaches (162ms)
			SetupLoadedEditorAssemblies (1923ms)
				LogAssemblyErrors (0ms)
				InitializePlatformSupportModulesInManaged (12ms)
				SetLoadedEditorAssemblies (0ms)
				RefreshPlugins (299ms)
				BeforeProcessingInitializeOnLoad (297ms)
				ProcessInitializeOnLoadAttributes (1122ms)
				ProcessInitializeOnLoadMethodAttributes (178ms)
				AfterProcessingInitializeOnLoad (14ms)
				EditorAssembliesLoaded (0ms)
			ExecutionOrderSort2 (0ms)
			AwakeInstancesAfterBackupRestoration (14ms)
Platform modules already initialized, skipping
========================================================================
Worker process is ready to serve import requests
Launched and connected shader compiler UnityShaderCompiler.exe after 0.12 seconds
Refreshing native plugins compatible for Editor in 1.59 ms, found 4 plugins.
Preloading 0 native plugins for Editor in 0.00 ms.
Unloading 5565 Unused Serialized files (Serialized files now loaded: 0)
Unloading 48 unused Assets / (0.9 MB). Loaded Objects now: 6021.
Memory consumption went from 220.7 MB to 219.9 MB.
Total: 7.865200 ms (FindLiveObjects: 0.612900 ms CreateObjectMapping: 0.316300 ms MarkObjects: 6.333800 ms  DeleteObjects: 0.600900 ms)

AssetImportParameters requested are different than current active one (requested -> active):
  custom:video-decoder-ogg-theora: a1e56fd34408186e4bbccfd4996cb3dc -> 
  custom:container-muxer-webm: aa71ff27fc2769a1b78a27578f13a17b -> 
  custom:container-demuxer-webm: 4f35f7cbe854078d1ac9338744f61a02 -> 
  custom:video-encoder-webm-vp8: eb34c28f22e8b96e1ab97ce403110664 -> 
  custom:video-codec-MediaFoundation-h265: e54d7ab0439102e2317fc1e4b246158d -> 
  custom:audio-encoder-webm-vorbis: bf7c407c2cedff20999df2af8eb42d56 -> 
  custom:framework-win-MediaFoundation: 216162199b28c13a410421893ffa2e32 -> 
  custom:container-demuxer-ogg: 62fdf1f143b41e24485cea50d1cbac27 -> 
  custom:video-decoder-webm-vp8: 9c59270c3fd7afecdb556c50c9e8de78 -> 
  custom:audio-decoder-ogg-vorbis: bf7c407c2cedff20999df2af8eb42d56 -> 
========================================================================
Received Import Request.
  Time since last request: 431813.143937 seconds.
  path: Assets/resourses/Sprites/BonusLevel/background.png
  artifactKey: Guid(59f6bad2bdf948049a8318e198164dd4) Importer(815301076,1909f56bfc062723c751e8b465ee728b)
Start importing Assets/resourses/Sprites/BonusLevel/background.png using Guid(59f6bad2bdf948049a8318e198164dd4) Importer(815301076,1909f56bfc062723c751e8b465ee728b)  -> (artifact id: '73dcc6408927d07ccf5b84f945020729') in 0.551403 seconds 
========================================================================
Received Import Request.
  Time since last request: 0.000041 seconds.
  path: Assets/resourses/Sprites/BonusLevel/SmallPlatform.png
  artifactKey: Guid(ce78de3eb459725429a4a3e1e8027908) Importer(815301076,1909f56bfc062723c751e8b465ee728b)
Start importing Assets/resourses/Sprites/BonusLevel/SmallPlatform.png using Guid(ce78de3eb459725429a4a3e1e8027908) Importer(815301076,1909f56bfc062723c751e8b465ee728b)  -> (artifact id: '9416b1ca849ea146f7ceda0e5a14cec5') in 0.059500 seconds 
========================================================================
Received Import Request.
  Time since last request: 0.000073 seconds.
  path: Assets/resourses/Sprites/BonusLevel/SmallPlatform1.prefab
  artifactKey: Guid(96fb57be86062a04f81f043ebfcce591) Importer(815301076,1909f56bfc062723c751e8b465ee728b)
Start importing Assets/resourses/Sprites/BonusLevel/SmallPlatform1.prefab using Guid(96fb57be86062a04f81f043ebfcce591) Importer(815301076,1909f56bfc062723c751e8b465ee728b)  -> (artifact id: '5205aafc8ade62fda2fd7217e2343516') in 0.082946 seconds 
========================================================================
Received Import Request.
  Time since last request: 0.000033 seconds.
  path: Assets/resourses/Sprites/BonusLevel/Platform.prefab
  artifactKey: Guid(0a1e3c9c1e3b97f40be2a205ed46945e) Importer(815301076,1909f56bfc062723c751e8b465ee728b)
Start importing Assets/resourses/Sprites/BonusLevel/Platform.prefab using Guid(0a1e3c9c1e3b97f40be2a205ed46945e) Importer(815301076,1909f56bfc062723c751e8b465ee728b)  -> (artifact id: 'c5bc5cbcddd541ff415c3a0bc710c934') in 0.031172 seconds 
========================================================================
Received Import Request.
  Time since last request: 0.000032 seconds.
  path: Assets/resourses/Sprites/BonusLevel/JumpAnimationSpriteSheetRedLegMonster2.png
  artifactKey: Guid(33aa00345eace06488ebc69feb8ee9f6) Importer(815301076,1909f56bfc062723c751e8b465ee728b)
Start importing Assets/resourses/Sprites/BonusLevel/JumpAnimationSpriteSheetRedLegMonster2.png using Guid(33aa00345eace06488ebc69feb8ee9f6) Importer(815301076,1909f56bfc062723c751e8b465ee728b)  -> (artifact id: 'b91a58875ceab3ad0cd19902fe811176') in 0.514989 seconds 
========================================================================
Received Import Request.
  Time since last request: 72.511054 seconds.
  path: Assets/resourses/Sprites/CityDEstroy/NEWMultifaceMonsterIdleSpritesheet.png
  artifactKey: Guid(3d2b4d0b2cb43dd42a1f254ed471a486) Importer(815301076,1909f56bfc062723c751e8b465ee728b)
Start importing Assets/resourses/Sprites/CityDEstroy/NEWMultifaceMonsterIdleSpritesheet.png using Guid(3d2b4d0b2cb43dd42a1f254ed471a486) Importer(815301076,1909f56bfc062723c751e8b465ee728b)  -> (artifact id: '19f519ef52c563d9d053e99affe96cf1') in 0.039414 seconds 
========================================================================
Received Import Request.
  Time since last request: 152.847538 seconds.
  path: Assets/resourses/Sprites/Clothes/AA33F56A-972E-4625-A01E-6F7FCA685311.png
  artifactKey: Guid(0b5b684bc3012f84b8b83b43eecaf3a5) Importer(815301076,1909f56bfc062723c751e8b465ee728b)
Start importing Assets/resourses/Sprites/Clothes/AA33F56A-972E-4625-A01E-6F7FCA685311.png using Guid(0b5b684bc3012f84b8b83b43eecaf3a5) Importer(815301076,1909f56bfc062723c751e8b465ee728b)  -> (artifact id: 'fa93eda7e84cbc704fc210fec22055cd') in 0.064076 seconds 
========================================================================
Received Import Request.
  Time since last request: 436.774499 seconds.
  path: Assets/Scenes/CityDestroyer.unity
  artifactKey: Guid(9011f3f46cb9397488ec19e8cef1c7f1) Importer(815301076,1909f56bfc062723c751e8b465ee728b)
Start importing Assets/Scenes/CityDestroyer.unity using Guid(9011f3f46cb9397488ec19e8cef1c7f1) Importer(815301076,1909f56bfc062723c751e8b465ee728b)  -> (artifact id: 'f8d04ead88df82666b1bcbbec96b0fc3') in 0.013625 seconds 
========================================================================
Received Prepare
Registering precompiled user dll's ...
Registered in 0.022837 seconds.
Begin MonoManager ReloadAssembly
Symbol file LoadedFromMemory doesn't match image C:\Users\Artiom\Documents\GitHub\Showoff\ShowoffProject\Library\PackageCache\com.unity.visualscripting@1.8.0\Editor\VisualScripting.Core\Dependencies\YamlDotNet\Unity.VisualScripting.YamlDotNet.dll
Symbol file LoadedFromMemory doesn't match image C:\Users\Artiom\Documents\GitHub\Showoff\ShowoffProject\Library\PackageCache\com.unity.visualscripting@1.8.0\Editor\VisualScripting.Core\Dependencies\DotNetZip\Unity.VisualScripting.IonicZip.dll
Native extension for WindowsStandalone target not found
Refreshing native plugins compatible for Editor in 2.60 ms, found 4 plugins.
Preloading 0 native plugins for Editor in 0.00 ms.
Mono: successfully reloaded assembly
- Completed reload, in  4.477 seconds
Domain Reload Profiling:
	ReloadAssembly (4478ms)
		BeginReloadAssembly (584ms)
			ExecutionOrderSort (0ms)
			DisableScriptedObjects (17ms)
			BackupInstance (0ms)
			ReleaseScriptingObjects (0ms)
			CreateAndSetChildDomain (101ms)
		EndReloadAssembly (3574ms)
			LoadAssemblies (481ms)
			RebuildTransferFunctionScriptingTraits (0ms)
			SetupTypeCache (844ms)
			ReleaseScriptCaches (4ms)
			RebuildScriptCaches (131ms)
			SetupLoadedEditorAssemblies (2193ms)
				LogAssemblyErrors (0ms)
				InitializePlatformSupportModulesInManaged (35ms)
				SetLoadedEditorAssemblies (1ms)
				RefreshPlugins (3ms)
				BeforeProcessingInitializeOnLoad (322ms)
				ProcessInitializeOnLoadAttributes (1595ms)
				ProcessInitializeOnLoadMethodAttributes (214ms)
				AfterProcessingInitializeOnLoad (22ms)
				EditorAssembliesLoaded (1ms)
			ExecutionOrderSort2 (0ms)
			AwakeInstancesAfterBackupRestoration (25ms)
Platform modules already initialized, skipping
